------------------------------------------------------------------------------------------------------------------------

[2023-03-14 10:44:41 #1 store] 
Database '/home/dam2a/2Dam/AD/pvehiculos/vehicli.odb' is opened by 12012@perlanegra17

[2023-03-14 10:44:41 #2 store] 
Configuration path: ?

[2023-03-14 10:44:41 #3 type] 
Type pvehiculos.Vehiculos is not enhanced.

[2023-03-14 10:44:41 #4 type] 
Type pvehiculos.Clientes is not enhanced.

[2023-03-14 10:44:44 #5 store] 
Database '/home/dam2a/2Dam/AD/pvehiculos/vehicli.odb' is closed by 12012@perlanegra17

------------------------------------------------------------------------------------------------------------------------

[2023-03-14 10:51:03 #1 store] 
Database '/home/dam2a/2Dam/AD/Pexemploav2/horasextratodos.odb' is opened by 12799@perlanegra17

[2023-03-14 10:51:03 #2 store] 
Configuration path: ?

[2023-03-14 10:51:03 #3 type] 
Type pexemploav2.Horasextra is not enhanced.

------------------------------------------------------------------------------------------------------------------------

[2023-03-14 11:29:47 #1 store] 
Database '/home/dam2a/2Dam/AD/Pinvasoras/horasextratodos.odb' is opened by 17221@perlanegra17

[2023-03-14 11:29:47 #2 store] 
Configuration path: ?

[2023-03-14 11:29:47 #3 type] 
Type pinvasoras.Encontradas is not enhanced.

------------------------------------------------------------------------------------------------------------------------

[2023-03-14 11:30:45 #1 store] 
Database '/home/dam2a/2Dam/AD/Pinvasoras/encontradasezonas.odb' is opened by 17381@perlanegra17

[2023-03-14 11:30:45 #2 store] 
Configuration path: ?

[2023-03-14 11:30:45 #3 type] 
Type pinvasoras.Zonas is not enhanced.

[2023-03-14 11:30:45 #4 type] 
Type pinvasoras.Encontradas is not enhanced.

------------------------------------------------------------------------------------------------------------------------

[2023-03-14 11:31:52 #1 store] 
Database '/home/dam2a/2Dam/AD/Pinvasoras/encontradasezonas.odb' is opened by 17492@perlanegra17

[2023-03-14 11:31:52 #2 store] 
Configuration path: ?

[2023-03-14 11:31:52 #3 type] 
Type pinvasoras.Zonas is not enhanced.

[2023-03-14 11:31:52 #4 type] 
Type pinvasoras.Encontradas is not enhanced.

------------------------------------------------------------------------------------------------------------------------

[2023-03-14 11:39:35 #1 store] 
Database '/home/dam2a/2Dam/AD/Pinvasoras/encontradasezonas.odb' is opened by 18532@perlanegra17

[2023-03-14 11:39:35 #2 store] 
Configuration path: ?

[2023-03-14 11:39:35 #3 type] 
Type pinvasoras.Zonas is not enhanced.

[2023-03-14 11:39:35 #4 type] 
Type pinvasoras.Encontradas is not enhanced.

------------------------------------------------------------------------------------------------------------------------

[2023-03-14 11:45:57 #1 store] 
Database '/home/dam2a/2Dam/AD/Pinvasoras/encontradasezonas.odb' is opened by 18964@perlanegra17

[2023-03-14 11:45:57 #2 store] 
Configuration path: ?

[2023-03-14 11:45:57 #3 type] 
Type pinvasoras.Zonas is not enhanced.

[2023-03-14 11:45:57 #4 type] 
Type pinvasoras.Encontradas is not enhanced.

------------------------------------------------------------------------------------------------------------------------

[2023-03-14 11:46:14 #1 store] 
Database '/home/dam2a/2Dam/AD/Pinvasoras/encontradasezonas.odb' is opened by 19068@perlanegra17

[2023-03-14 11:46:14 #2 store] 
Configuration path: ?

[2023-03-14 11:46:14 #3 type] 
Type pinvasoras.Zonas is not enhanced.

[2023-03-14 11:46:14 #4 type] 
Type pinvasoras.Encontradas is not enhanced.

------------------------------------------------------------------------------------------------------------------------

[2023-03-14 11:46:29 #1 store] 
Database '/home/dam2a/2Dam/AD/Pinvasoras/encontradasezonas.odb' is opened by 19152@perlanegra17

[2023-03-14 11:46:29 #2 store] 
Configuration path: ?

[2023-03-14 11:46:29 #3 type] 
Type pinvasoras.Zonas is not enhanced.

[2023-03-14 11:46:29 #4 type] 
Type pinvasoras.Encontradas is not enhanced.

------------------------------------------------------------------------------------------------------------------------

[2023-03-14 11:49:28 #1 store] 
Database '/home/dam2a/2Dam/AD/Pinvasoras/encontradasezonas.odb' is opened by 19286@perlanegra17

[2023-03-14 11:49:28 #2 store] 
Configuration path: ?

[2023-03-14 11:49:28 #3 type] 
Type pinvasoras.Zonas is not enhanced.

[2023-03-14 11:49:28 #4 type] 
Type pinvasoras.Encontradas is not enhanced.

------------------------------------------------------------------------------------------------------------------------

[2023-03-14 11:53:25 #1 store] 
Database '/home/dam2a/2Dam/AD/Pinvasoras/encontradasezonas.odb' is opened by 19430@perlanegra17

[2023-03-14 11:53:25 #2 store] 
Configuration path: ?

[2023-03-14 11:53:25 #3 type] 
Type pinvasoras.Zonas is not enhanced.

[2023-03-14 11:53:25 #4 type] 
Type pinvasoras.Encontradas is not enhanced.

------------------------------------------------------------------------------------------------------------------------

[2023-03-14 11:53:34 #1 store] 
Database '/home/dam2a/2Dam/AD/Pinvasoras/encontradasezonas.odb' is opened by 19522@perlanegra17

[2023-03-14 11:53:34 #2 store] 
Configuration path: ?

[2023-03-14 11:53:34 #3 type] 
Type pinvasoras.Zonas is not enhanced.

[2023-03-14 11:53:34 #4 type] 
Type pinvasoras.Encontradas is not enhanced.

------------------------------------------------------------------------------------------------------------------------

[2023-03-14 11:54:05 #1 store] 
Database '/home/dam2a/2Dam/AD/Pinvasoras/encontradasezonas.odb' is opened by 19633@perlanegra17

[2023-03-14 11:54:05 #2 store] 
Configuration path: ?

[2023-03-14 11:54:05 #3 type] 
Type pinvasoras.Zonas is not enhanced.

[2023-03-14 11:54:05 #4 type] 
Type pinvasoras.Encontradas is not enhanced.

------------------------------------------------------------------------------------------------------------------------

[2023-03-14 11:54:43 #1 store] 
Database '/home/dam2a/2Dam/AD/Pinvasoras/encontradasezonas.odb' is opened by 19736@perlanegra17

[2023-03-14 11:54:43 #2 store] 
Configuration path: ?

[2023-03-14 11:54:43 #3 type] 
Type pinvasoras.Zonas is not enhanced.

[2023-03-14 11:54:43 #4 type] 
Type pinvasoras.Encontradas is not enhanced.

------------------------------------------------------------------------------------------------------------------------

[2023-03-14 12:02:28 #1 store] 
Database '/home/dam2a/2Dam/AD/Pinvasoras/encontradasezonas.odb' is opened by 19900@perlanegra17

[2023-03-14 12:02:28 #2 store] 
Configuration path: ?

[2023-03-14 12:02:28 #3 type] 
Type pinvasoras.Zonas is not enhanced.

[2023-03-14 12:02:28 #4 type] 
Type pinvasoras.Encontradas is not enhanced.

------------------------------------------------------------------------------------------------------------------------

[2023-03-14 12:03:39 #1 store] 
Database '/home/dam2a/2Dam/AD/Pinvasoras/encontradasezonas.odb' is opened by 20015@perlanegra17

[2023-03-14 12:03:39 #2 store] 
Configuration path: ?

[2023-03-14 12:03:39 #3 type] 
Type pinvasoras.Zonas is not enhanced.

[2023-03-14 12:03:39 #4 type] 
Type pinvasoras.Encontradas is not enhanced.

------------------------------------------------------------------------------------------------------------------------

[2023-03-14 12:04:04 #1 store] 
Database '/home/dam2a/2Dam/AD/Pinvasoras/encontradasezonas.odb' is opened by 20127@perlanegra17

[2023-03-14 12:04:04 #2 store] 
Configuration path: ?

[2023-03-14 12:04:04 #3 type] 
Type pinvasoras.Zonas is not enhanced.

[2023-03-14 12:04:04 #4 type] 
Type pinvasoras.Encontradas is not enhanced.

------------------------------------------------------------------------------------------------------------------------

[2023-03-14 12:04:55 #1 store] 
Database '/home/dam2a/2Dam/AD/Pinvasoras/encontradasezonas.odb' is opened by 20931@perlanegra17

[2023-03-14 12:04:55 #2 store] 
Configuration path: ?

[2023-03-14 12:04:55 #3 type] 
Type pinvasoras.Zonas is not enhanced.

[2023-03-14 12:04:55 #4 type] 
Type pinvasoras.Encontradas is not enhanced.

------------------------------------------------------------------------------------------------------------------------

[2023-03-14 12:06:01 #1 store] 
Database '/home/dam2a/2Dam/AD/Pinvasoras/encontradasezonas.odb' is opened by 21068@perlanegra17

[2023-03-14 12:06:01 #2 store] 
Configuration path: ?

[2023-03-14 12:06:01 #3 type] 
Type pinvasoras.Zonas is not enhanced.

[2023-03-14 12:06:01 #4 type] 
Type pinvasoras.Encontradas is not enhanced.

------------------------------------------------------------------------------------------------------------------------

[2023-03-14 12:10:55 #1 store] 
Database '/home/dam2a/2Dam/AD/Pinvasoras/encontradasezonas.odb' is opened by 21549@perlanegra17

[2023-03-14 12:10:55 #2 store] 
Configuration path: ?

[2023-03-14 12:10:55 #3 type] 
Type pinvasoras.Zonas is not enhanced.

[2023-03-14 12:10:55 #4 type] 
Type pinvasoras.Encontradas is not enhanced.

------------------------------------------------------------------------------------------------------------------------

[2023-03-14 12:12:11 #1 store] 
Database '/home/dam2a/2Dam/AD/Pinvasoras/encontradasezonas.odb' is opened by 21671@perlanegra17

[2023-03-14 12:12:11 #2 store] 
Configuration path: ?

[2023-03-14 12:12:11 #3 type] 
Type pinvasoras.Zonas is not enhanced.

[2023-03-14 12:12:11 #4 type] 
Type pinvasoras.Encontradas is not enhanced.

------------------------------------------------------------------------------------------------------------------------

[2023-03-14 12:12:33 #1 store] 
Database '/home/dam2a/2Dam/AD/Pinvasoras/encontradasezonas.odb' is opened by 21773@perlanegra17

[2023-03-14 12:12:33 #2 store] 
Configuration path: ?

[2023-03-14 12:12:33 #3 type] 
Type pinvasoras.Zonas is not enhanced.

[2023-03-14 12:12:33 #4 type] 
Type pinvasoras.Encontradas is not enhanced.

------------------------------------------------------------------------------------------------------------------------

[2023-03-14 12:14:30 #1 store] 
Database '/home/dam2a/2Dam/AD/Pinvasoras/encontradasezonas.odb' is opened by 21901@perlanegra17

[2023-03-14 12:14:30 #2 store] 
Configuration path: ?

[2023-03-14 12:14:30 #3 type] 
Type pinvasoras.Zonas is not enhanced.

[2023-03-14 12:14:30 #4 type] 
Type pinvasoras.Encontradas is not enhanced.

------------------------------------------------------------------------------------------------------------------------

[2023-03-14 12:14:40 #1 store] 
Database '/home/dam2a/2Dam/AD/Pinvasoras/encontradasezonas.odb' is opened by 21986@perlanegra17

[2023-03-14 12:14:40 #2 store] 
Configuration path: ?

[2023-03-14 12:14:40 #3 type] 
Type pinvasoras.Zonas is not enhanced.

[2023-03-14 12:14:40 #4 type] 
Type pinvasoras.Encontradas is not enhanced.

------------------------------------------------------------------------------------------------------------------------

[2023-03-14 12:15:34 #1 store] 
Database '/home/dam2a/2Dam/AD/Pinvasoras/encontradasezonas.odb' is opened by 22085@perlanegra17

[2023-03-14 12:15:34 #2 store] 
Configuration path: ?

[2023-03-14 12:15:34 #3 type] 
Type pinvasoras.Zonas is not enhanced.

[2023-03-14 12:15:34 #4 type] 
Type pinvasoras.Encontradas is not enhanced.

------------------------------------------------------------------------------------------------------------------------

[2023-03-14 12:16:07 #1 store] 
Database '/home/dam2a/2Dam/AD/Pinvasoras/encontradasezonas.odb' is opened by 22176@perlanegra17

[2023-03-14 12:16:07 #2 store] 
Configuration path: ?

[2023-03-14 12:16:07 #3 type] 
Type pinvasoras.Zonas is not enhanced.

[2023-03-14 12:16:07 #4 type] 
Type pinvasoras.Encontradas is not enhanced.

------------------------------------------------------------------------------------------------------------------------

[2023-03-14 12:16:15 #1 store] 
Database '/home/dam2a/2Dam/AD/Pinvasoras/encontradasezonas.odb' is opened by 22253@perlanegra17

[2023-03-14 12:16:15 #2 store] 
Configuration path: ?

[2023-03-14 12:16:15 #3 type] 
Type pinvasoras.Zonas is not enhanced.

[2023-03-14 12:16:15 #4 type] 
Type pinvasoras.Encontradas is not enhanced.

------------------------------------------------------------------------------------------------------------------------

[2023-03-14 12:16:56 #1 store] 
Database '/home/dam2a/2Dam/AD/Pinvasoras/encontradasezonas.odb' is opened by 22327@perlanegra17

[2023-03-14 12:16:56 #2 store] 
Configuration path: ?

[2023-03-14 12:16:56 #3 type] 
Type pinvasoras.Zonas is not enhanced.

[2023-03-14 12:16:56 #4 type] 
Type pinvasoras.Encontradas is not enhanced.

------------------------------------------------------------------------------------------------------------------------

[2023-03-14 12:17:37 #1 store] 
Database '/home/dam2a/2Dam/AD/Pinvasoras/encontradasezonas.odb' is opened by 22424@perlanegra17

[2023-03-14 12:17:37 #2 store] 
Configuration path: ?

[2023-03-14 12:17:37 #3 type] 
Type pinvasoras.Zonas is not enhanced.

[2023-03-14 12:17:37 #4 type] 
Type pinvasoras.Encontradas is not enhanced.

------------------------------------------------------------------------------------------------------------------------

[2023-03-14 12:19:21 #1 store] 
Database '/home/dam2a/2Dam/AD/Pinvasoras/encontradasezonas.odb' is opened by 22537@perlanegra17

[2023-03-14 12:19:21 #2 store] 
Configuration path: ?

[2023-03-14 12:19:21 #3 type] 
Type pinvasoras.Zonas is not enhanced.

[2023-03-14 12:19:21 #4 type] 
Type pinvasoras.Encontradas is not enhanced.

------------------------------------------------------------------------------------------------------------------------

[2023-03-14 12:26:10 #1 store] 
Database '/home/dam2a/2Dam/AD/Pinvasoras/encontradasezonas.odb' is opened by 22736@perlanegra17

[2023-03-14 12:26:10 #2 store] 
Configuration path: ?

[2023-03-14 12:26:10 #3 type] 
Type pinvasoras.Zonas is not enhanced.

[2023-03-14 12:26:10 #4 type] 
Type pinvasoras.Encontradas is not enhanced.

------------------------------------------------------------------------------------------------------------------------

[2023-03-14 12:28:25 #1 store] 
Database '/home/dam2a/2Dam/AD/Pinvasoras/encontradasezonas.odb' is opened by 22848@perlanegra17

[2023-03-14 12:28:25 #2 store] 
Configuration path: ?

[2023-03-14 12:28:25 #3 type] 
Type pinvasoras.Zonas is not enhanced.

[2023-03-14 12:28:25 #4 type] 
Type pinvasoras.Encontradas is not enhanced.

------------------------------------------------------------------------------------------------------------------------

[2023-03-14 12:29:22 #1 store] 
Database '/home/dam2a/2Dam/AD/Pinvasoras/encontradasezonas.odb' is opened by 22940@perlanegra17

[2023-03-14 12:29:22 #2 store] 
Configuration path: ?

[2023-03-14 12:29:22 #3 type] 
Type pinvasoras.Zonas is not enhanced.

[2023-03-14 12:29:22 #4 type] 
Type pinvasoras.Encontradas is not enhanced.

------------------------------------------------------------------------------------------------------------------------

[2023-03-14 12:36:22 #1 store] 
Database '/home/dam2a/2Dam/AD/Pinvasoras/encontradasezonas.odb' is opened by 23859@perlanegra17

[2023-03-14 12:36:22 #2 store] 
Configuration path: ?

[2023-03-14 12:36:22 #3 type] 
Type pinvasoras.Zonas is not enhanced.

[2023-03-14 12:36:22 #4 type] 
Type pinvasoras.Encontradas is not enhanced.

------------------------------------------------------------------------------------------------------------------------

[2023-03-14 12:49:30 #1 store] 
Database '/home/dam2a/2Dam/AD/Pinvasoras/encontradasezonas.odb' is opened by 24377@perlanegra17

[2023-03-14 12:49:30 #2 store] 
Configuration path: ?

[2023-03-14 12:49:30 #3 type] 
Type pinvasoras.Zonas is not enhanced.

[2023-03-14 12:49:30 #4 type] 
Type pinvasoras.Encontradas is not enhanced.

------------------------------------------------------------------------------------------------------------------------

[2023-03-14 12:50:11 #1 store] 
Database '/home/dam2a/2Dam/AD/Pinvasoras/encontradasezonas.odb' is opened by 24460@perlanegra17

[2023-03-14 12:50:11 #2 store] 
Configuration path: ?

[2023-03-14 12:50:11 #3 type] 
Type pinvasoras.Zonas is not enhanced.

[2023-03-14 12:50:11 #4 type] 
Type pinvasoras.Encontradas is not enhanced.

